<?xml version="1.0" encoding="UTF-8"?>
<testsuite name="ru.spbau.mit.LockFreeListTest" tests="6" skipped="0" failures="0" errors="0" timestamp="2017-10-11T15:47:15" hostname="PC" time="0.229">
  <properties/>
  <testcase name="testAdd" classname="ru.spbau.mit.LockFreeListTest" time="0.039"/>
  <testcase name="testMixRemoveAdd" classname="ru.spbau.mit.LockFreeListTest" time="0.037"/>
  <testcase name="testContains" classname="ru.spbau.mit.LockFreeListTest" time="0.067"/>
  <testcase name="testMixAddContains" classname="ru.spbau.mit.LockFreeListTest" time="0.016"/>
  <testcase name="testMixAll" classname="ru.spbau.mit.LockFreeListTest" time="0.009"/>
  <testcase name="testRemove" classname="ru.spbau.mit.LockFreeListTest" time="0.055"/>
  <system-out><![CDATA[]]></system-out>
  <system-err><![CDATA[]]></system-err>
</testsuite>
